<?xml version="1.0" encoding="UTF-8"?>
<!-- Generated by org.testng.reporters.JUnitXMLReporter -->
<testsuite ignored="0" hostname="WKWZT3arfufb8jX" failures="0" tests="15" name="Smoke" time="29.789" errors="0" timestamp="2022-11-23T15:35:17 IST">
  <testcase classname="reportgeneration.AssertionDemo" name="login" time="0.008"/>
  <testcase classname="reportgeneration.MyFirstTestNGTest" name="createAccount" time="0.006"/>
  <testcase classname="reportgeneration.MyFirstTestNGTest" name="deleteAccount" time="0.001"/>
  <testcase classname="reportgeneration.MyFirstTestNGTest" name="logOutFromApplication" time="0.0"/>
  <testcase classname="reportgeneration.AssertionDemo" name="logOutFromApplication" time="0.0"/>
  <testcase classname="reportgeneration.MyFirstTestNGTest" name="login" time="0.0"/>
  <testcase classname="reportgeneration.MyFirstSeleniumScript2" name="maintttt" time="7.633"/>
  <testcase classname="reportgeneration.MyFirstSeleniumScript" name="mainrr" time="8.621"/>
  <testcase classname="reportgeneration.LoginTest" name="validUsernameandPassword" time="3.366"/>
  <testcase classname="reportgeneration.CalendarDateWithoutLoop" name="datePicker" time="13.018"/>
  <testcase classname="reportgeneration.LoginTest" name="invalidUsernameandPassword" time="0.741"/>
  <testcase classname="reportgeneration.AlertDemo" name="alertAccept" time="19.94"/>
  <testcase classname="reportgeneration.LoginTest" name="blankUsernameandPassword" time="0.142"/>
  <testcase classname="reportgeneration.LoginTest" name="noUsernameandPassword" time="0.076"/>
  <testcase classname="reportgeneration.LoginTest" name="noPassword" time="0.162"/>
</testsuite> <!-- Smoke -->
